{"/Users/adam.morris/src/gas/ctt/gamified_journal/test/test.js":{"path":"/Users/adam.morris/src/gas/ctt/gamified_journal/test/test.js","s":{"1":1,"2":1,"3":1,"4":0,"5":0,"6":0,"7":0,"8":0,"9":0,"10":0,"11":0,"12":0,"13":0,"14":0,"15":0,"16":0,"17":0,"18":0,"19":0,"20":0,"21":0,"22":0,"23":0,"24":0,"25":0,"26":0,"27":0,"28":0,"29":0,"30":0,"31":0,"32":0,"33":0,"34":0,"35":0,"36":0,"37":0},"b":{},"f":{"1":1,"2":0,"3":0,"4":0,"5":0,"6":0,"7":0,"8":0,"9":0,"10":0,"11":0,"12":0,"13":0,"14":0},"fnMap":{"1":{"name":"(anonymous_1)","line":1,"loc":{"start":{"line":1,"column":1},"end":{"line":1,"column":13}}},"2":{"name":"(anonymous_2)","line":9,"loc":{"start":{"line":9,"column":37},"end":{"line":9,"column":49}}},"3":{"name":"(anonymous_3)","line":11,"loc":{"start":{"line":11,"column":36},"end":{"line":11,"column":48}}},"4":{"name":"(anonymous_4)","line":17,"loc":{"start":{"line":17,"column":38},"end":{"line":17,"column":50}}},"5":{"name":"(anonymous_5)","line":23,"loc":{"start":{"line":23,"column":48},"end":{"line":23,"column":60}}},"6":{"name":"(anonymous_6)","line":30,"loc":{"start":{"line":30,"column":46},"end":{"line":30,"column":58}}},"7":{"name":"(anonymous_7)","line":41,"loc":{"start":{"line":41,"column":31},"end":{"line":41,"column":43}}},"8":{"name":"(anonymous_8)","line":44,"loc":{"start":{"line":44,"column":14},"end":{"line":44,"column":17}}},"9":{"name":"(anonymous_9)","line":47,"loc":{"start":{"line":47,"column":13},"end":{"line":47,"column":25}}},"10":{"name":"(anonymous_10)","line":50,"loc":{"start":{"line":50,"column":10},"end":{"line":50,"column":26}}},"11":{"name":"(anonymous_11)","line":54,"loc":{"start":{"line":54,"column":15},"end":{"line":54,"column":18}}},"12":{"name":"(anonymous_12)","line":57,"loc":{"start":{"line":57,"column":10},"end":{"line":57,"column":13}}},"13":{"name":"(anonymous_13)","line":65,"loc":{"start":{"line":65,"column":50},"end":{"line":65,"column":62}}},"14":{"name":"(anonymous_14)","line":66,"loc":{"start":{"line":66,"column":20},"end":{"line":66,"column":39}}}},"statementMap":{"1":{"start":{"line":1,"column":0},"end":{"line":72,"column":5}},"2":{"start":{"line":4,"column":1},"end":{"line":4,"column":37}},"3":{"start":{"line":5,"column":1},"end":{"line":5,"column":39}},"4":{"start":{"line":6,"column":1},"end":{"line":6,"column":30}},"5":{"start":{"line":9,"column":1},"end":{"line":38,"column":4}},"6":{"start":{"line":11,"column":2},"end":{"line":15,"column":5}},"7":{"start":{"line":12,"column":3},"end":{"line":12,"column":42}},"8":{"start":{"line":13,"column":3},"end":{"line":13,"column":37}},"9":{"start":{"line":14,"column":3},"end":{"line":14,"column":44}},"10":{"start":{"line":17,"column":2},"end":{"line":21,"column":5}},"11":{"start":{"line":18,"column":3},"end":{"line":18,"column":52}},"12":{"start":{"line":19,"column":3},"end":{"line":19,"column":37}},"13":{"start":{"line":20,"column":3},"end":{"line":20,"column":41}},"14":{"start":{"line":23,"column":2},"end":{"line":28,"column":5}},"15":{"start":{"line":24,"column":3},"end":{"line":24,"column":60}},"16":{"start":{"line":25,"column":3},"end":{"line":25,"column":61}},"17":{"start":{"line":26,"column":3},"end":{"line":26,"column":63}},"18":{"start":{"line":27,"column":3},"end":{"line":27,"column":70}},"19":{"start":{"line":30,"column":2},"end":{"line":37,"column":5}},"20":{"start":{"line":31,"column":3},"end":{"line":31,"column":31}},"21":{"start":{"line":32,"column":3},"end":{"line":32,"column":69}},"22":{"start":{"line":33,"column":3},"end":{"line":33,"column":31}},"23":{"start":{"line":34,"column":3},"end":{"line":34,"column":65}},"24":{"start":{"line":35,"column":3},"end":{"line":35,"column":49}},"25":{"start":{"line":36,"column":3},"end":{"line":36,"column":35}},"26":{"start":{"line":41,"column":1},"end":{"line":71,"column":4}},"27":{"start":{"line":45,"column":4},"end":{"line":45,"column":20}},"28":{"start":{"line":48,"column":4},"end":{"line":48,"column":16}},"29":{"start":{"line":51,"column":4},"end":{"line":51,"column":26}},"30":{"start":{"line":52,"column":4},"end":{"line":52,"column":16}},"31":{"start":{"line":55,"column":4},"end":{"line":55,"column":16}},"32":{"start":{"line":58,"column":4},"end":{"line":58,"column":16}},"33":{"start":{"line":62,"column":2},"end":{"line":62,"column":26}},"34":{"start":{"line":63,"column":2},"end":{"line":63,"column":30}},"35":{"start":{"line":65,"column":2},"end":{"line":69,"column":5}},"36":{"start":{"line":66,"column":3},"end":{"line":68,"column":6}},"37":{"start":{"line":67,"column":4},"end":{"line":67,"column":49}}},"branchMap":{}},"/Users/adam.morris/src/gas/ctt/gamified_journal/test/virtual.js":{"path":"/Users/adam.morris/src/gas/ctt/gamified_journal/test/virtual.js","s":{"1":1,"2":1,"3":1,"4":1,"5":1,"6":1,"7":1,"8":0,"9":0,"10":0,"11":0,"12":0,"13":0,"14":1,"15":0,"16":0,"17":0,"18":0,"19":0,"20":0,"21":0,"22":0,"23":0,"24":0,"25":0,"26":0,"27":0,"28":0,"29":1,"30":0,"31":1,"32":1,"33":0,"34":0,"35":0},"b":{"1":[0,0]},"f":{"1":0,"2":0,"3":0,"4":0,"5":0,"6":0,"7":0,"8":0,"9":0,"10":0,"11":0,"12":0,"13":0},"fnMap":{"1":{"name":"(anonymous_1)","line":23,"loc":{"start":{"line":23,"column":21},"end":{"line":23,"column":36}}},"2":{"name":"(anonymous_2)","line":27,"loc":{"start":{"line":27,"column":21},"end":{"line":27,"column":36}}},"3":{"name":"(anonymous_3)","line":31,"loc":{"start":{"line":31,"column":17},"end":{"line":31,"column":31}}},"4":{"name":"(anonymous_4)","line":45,"loc":{"start":{"line":45,"column":6},"end":{"line":45,"column":29}}},"5":{"name":"(anonymous_5)","line":57,"loc":{"start":{"line":57,"column":4},"end":{"line":57,"column":31}}},"6":{"name":"(anonymous_6)","line":67,"loc":{"start":{"line":67,"column":4},"end":{"line":67,"column":20}}},"7":{"name":"(anonymous_7)","line":68,"loc":{"start":{"line":68,"column":36},"end":{"line":68,"column":52}}},"8":{"name":"(anonymous_8)","line":74,"loc":{"start":{"line":74,"column":4},"end":{"line":74,"column":20}}},"9":{"name":"(anonymous_9)","line":75,"loc":{"start":{"line":75,"column":36},"end":{"line":75,"column":52}}},"10":{"name":"(anonymous_10)","line":83,"loc":{"start":{"line":83,"column":10},"end":{"line":83,"column":22}}},"11":{"name":"(anonymous_11)","line":99,"loc":{"start":{"line":99,"column":21},"end":{"line":99,"column":33}}},"12":{"name":"(anonymous_12)","line":112,"loc":{"start":{"line":112,"column":28},"end":{"line":112,"column":40}}},"13":{"name":"(anonymous_13)","line":116,"loc":{"start":{"line":116,"column":18},"end":{"line":116,"column":30}}}},"statementMap":{"1":{"start":{"line":12,"column":0},"end":{"line":12,"column":31}},"2":{"start":{"line":13,"column":0},"end":{"line":13,"column":31}},"3":{"start":{"line":14,"column":0},"end":{"line":14,"column":25}},"4":{"start":{"line":15,"column":0},"end":{"line":15,"column":29}},"5":{"start":{"line":16,"column":0},"end":{"line":16,"column":40}},"6":{"start":{"line":17,"column":0},"end":{"line":17,"column":25}},"7":{"start":{"line":19,"column":0},"end":{"line":35,"column":2}},"8":{"start":{"line":24,"column":2},"end":{"line":24,"column":34}},"9":{"start":{"line":25,"column":2},"end":{"line":25,"column":14}},"10":{"start":{"line":28,"column":2},"end":{"line":28,"column":34}},"11":{"start":{"line":29,"column":2},"end":{"line":29,"column":14}},"12":{"start":{"line":32,"column":2},"end":{"line":32,"column":24}},"13":{"start":{"line":33,"column":2},"end":{"line":33,"column":14}},"14":{"start":{"line":37,"column":0},"end":{"line":87,"column":2}},"15":{"start":{"line":48,"column":2},"end":{"line":84,"column":3}},"16":{"start":{"line":49,"column":3},"end":{"line":49,"column":23}},"17":{"start":{"line":56,"column":3},"end":{"line":65,"column":5}},"18":{"start":{"line":58,"column":5},"end":{"line":63,"column":6}},"19":{"start":{"line":59,"column":6},"end":{"line":59,"column":62}},"20":{"start":{"line":60,"column":6},"end":{"line":60,"column":22}},"21":{"start":{"line":62,"column":6},"end":{"line":62,"column":17}},"22":{"start":{"line":66,"column":3},"end":{"line":79,"column":5}},"23":{"start":{"line":68,"column":5},"end":{"line":71,"column":8}},"24":{"start":{"line":70,"column":6},"end":{"line":70,"column":36}},"25":{"start":{"line":75,"column":5},"end":{"line":77,"column":8}},"26":{"start":{"line":76,"column":6},"end":{"line":76,"column":36}},"27":{"start":{"line":83,"column":3},"end":{"line":83,"column":34}},"28":{"start":{"line":83,"column":24},"end":{"line":83,"column":32}},"29":{"start":{"line":90,"column":0},"end":{"line":111,"column":2}},"30":{"start":{"line":100,"column":3},"end":{"line":100,"column":25}},"31":{"start":{"line":112,"column":0},"end":{"line":112,"column":43}},"32":{"start":{"line":113,"column":0},"end":{"line":113,"column":60}},"33":{"start":{"line":116,"column":0},"end":{"line":118,"column":2}},"34":{"start":{"line":117,"column":1},"end":{"line":117,"column":47}},"35":{"start":{"line":120,"column":0},"end":{"line":120,"column":25}}},"branchMap":{"1":{"line":48,"type":"if","locations":[{"start":{"line":48,"column":2},"end":{"line":48,"column":2}},{"start":{"line":48,"column":2},"end":{"line":48,"column":2}}]}}},"/Users/adam.morris/src/gas/ctt/gamified_journal/test/Document.js":{"path":"/Users/adam.morris/src/gas/ctt/gamified_journal/test/Document.js","s":{"1":1,"2":0,"3":0,"4":0,"5":0,"6":0,"7":0,"8":1,"9":0,"10":0,"11":0,"12":0,"13":0,"14":0,"15":1,"16":0,"17":0,"18":0,"19":0,"20":0,"21":0,"22":0,"23":0,"24":0,"25":0,"26":0,"27":1,"28":0,"29":0,"30":0,"31":1},"b":{},"f":{"1":0,"2":0,"3":0,"4":0,"5":0,"6":0,"7":0,"8":0,"9":0,"10":0,"11":0,"12":0,"13":0,"14":0,"15":0,"16":0,"17":0},"fnMap":{"1":{"name":"Child","line":1,"loc":{"start":{"line":1,"column":0},"end":{"line":1,"column":21}}},"2":{"name":"(anonymous_2)","line":5,"loc":{"start":{"line":5,"column":11},"end":{"line":5,"column":23}}},"3":{"name":"(anonymous_3)","line":9,"loc":{"start":{"line":9,"column":18},"end":{"line":9,"column":30}}},"4":{"name":"(anonymous_4)","line":13,"loc":{"start":{"line":13,"column":12},"end":{"line":13,"column":24}}},"5":{"name":"(anonymous_5)","line":17,"loc":{"start":{"line":17,"column":11},"end":{"line":17,"column":23}}},"6":{"name":"Paragraph","line":23,"loc":{"start":{"line":23,"column":0},"end":{"line":23,"column":30}}},"7":{"name":"(anonymous_7)","line":30,"loc":{"start":{"line":30,"column":8},"end":{"line":30,"column":20}}},"8":{"name":"(anonymous_8)","line":34,"loc":{"start":{"line":34,"column":14},"end":{"line":34,"column":33}}},"9":{"name":"Body","line":41,"loc":{"start":{"line":41,"column":0},"end":{"line":41,"column":16}}},"10":{"name":"(anonymous_10)","line":47,"loc":{"start":{"line":47,"column":11},"end":{"line":47,"column":23}}},"11":{"name":"(anonymous_11)","line":49,"loc":{"start":{"line":49,"column":22},"end":{"line":49,"column":38}}},"12":{"name":"(anonymous_12)","line":55,"loc":{"start":{"line":55,"column":19},"end":{"line":55,"column":58}}},"13":{"name":"(anonymous_13)","line":60,"loc":{"start":{"line":60,"column":24},"end":{"line":60,"column":46}}},"14":{"name":"(anonymous_14)","line":64,"loc":{"start":{"line":64,"column":18},"end":{"line":64,"column":30}}},"15":{"name":"(anonymous_15)","line":71,"loc":{"start":{"line":71,"column":12},"end":{"line":71,"column":34}}},"16":{"name":"Document","line":77,"loc":{"start":{"line":77,"column":0},"end":{"line":77,"column":20}}},"17":{"name":"(anonymous_17)","line":83,"loc":{"start":{"line":83,"column":25},"end":{"line":83,"column":37}}}},"statementMap":{"1":{"start":{"line":1,"column":0},"end":{"line":21,"column":1}},"2":{"start":{"line":2,"column":1},"end":{"line":2,"column":18}},"3":{"start":{"line":4,"column":1},"end":{"line":20,"column":3}},"4":{"start":{"line":6,"column":3},"end":{"line":6,"column":20}},"5":{"start":{"line":10,"column":3},"end":{"line":10,"column":12}},"6":{"start":{"line":14,"column":3},"end":{"line":14,"column":13}},"7":{"start":{"line":18,"column":3},"end":{"line":18,"column":20}},"8":{"start":{"line":23,"column":0},"end":{"line":39,"column":1}},"9":{"start":{"line":24,"column":1},"end":{"line":24,"column":29}},"10":{"start":{"line":25,"column":1},"end":{"line":25,"column":20}},"11":{"start":{"line":27,"column":1},"end":{"line":38,"column":2}},"12":{"start":{"line":31,"column":3},"end":{"line":31,"column":26}},"13":{"start":{"line":35,"column":3},"end":{"line":35,"column":27}},"14":{"start":{"line":36,"column":3},"end":{"line":36,"column":15}},"15":{"start":{"line":41,"column":0},"end":{"line":75,"column":1}},"16":{"start":{"line":42,"column":1},"end":{"line":42,"column":17}},"17":{"start":{"line":44,"column":1},"end":{"line":74,"column":2}},"18":{"start":{"line":48,"column":3},"end":{"line":48,"column":16}},"19":{"start":{"line":49,"column":3},"end":{"line":51,"column":6}},"20":{"start":{"line":50,"column":4},"end":{"line":50,"column":26}},"21":{"start":{"line":52,"column":3},"end":{"line":52,"column":23}},"22":{"start":{"line":56,"column":3},"end":{"line":56,"column":68}},"23":{"start":{"line":57,"column":3},"end":{"line":57,"column":33}},"24":{"start":{"line":61,"column":3},"end":{"line":61,"column":51}},"25":{"start":{"line":65,"column":3},"end":{"line":65,"column":28}},"26":{"start":{"line":72,"column":3},"end":{"line":72,"column":50}},"27":{"start":{"line":77,"column":0},"end":{"line":87,"column":1}},"28":{"start":{"line":78,"column":1},"end":{"line":78,"column":32}},"29":{"start":{"line":80,"column":1},"end":{"line":86,"column":2}},"30":{"start":{"line":84,"column":3},"end":{"line":84,"column":28}},"31":{"start":{"line":89,"column":0},"end":{"line":89,"column":26}}},"branchMap":{}}}